Using pre-set license
Built from '2021.3/release' branch; Version is '2021.3.12f1 (8af3c3e441b1) revision 9106371'; Using compiler version '192829333'; Build Type 'Release'
OS: 'Windows 11  (10.0.22621) 64bit CoreSingleLanguage' Language: 'en' Physical Memory: 16276 MB
BatchMode: 1, IsHumanControllingUs: 0, StartBugReporterOnCrash: 0, Is64bit: 1, IsPro: 1

COMMAND LINE ARGUMENTS:
F:\Unity Editors\2021.3.12f1\Editor\Unity.exe
-adb2
-batchMode
-noUpm
-name
AssetImportWorker0
-projectPath
F:/Unity Projects/unity-pg/addressables-ccd
-logFile
Logs/AssetImportWorker0.log
-srvPort
65260
Successfully changed project path to: F:/Unity Projects/unity-pg/addressables-ccd
F:/Unity Projects/unity-pg/addressables-ccd
[UnityMemory] Configuration Parameters - Can be set up in boot.config
    "memorysetup-bucket-allocator-granularity=16"
    "memorysetup-bucket-allocator-bucket-count=8"
    "memorysetup-bucket-allocator-block-size=33554432"
    "memorysetup-bucket-allocator-block-count=8"
    "memorysetup-main-allocator-block-size=16777216"
    "memorysetup-thread-allocator-block-size=16777216"
    "memorysetup-gfx-main-allocator-block-size=16777216"
    "memorysetup-gfx-thread-allocator-block-size=16777216"
    "memorysetup-cache-allocator-block-size=4194304"
    "memorysetup-typetree-allocator-block-size=2097152"
    "memorysetup-profiler-bucket-allocator-granularity=16"
    "memorysetup-profiler-bucket-allocator-bucket-count=8"
    "memorysetup-profiler-bucket-allocator-block-size=33554432"
    "memorysetup-profiler-bucket-allocator-block-count=8"
    "memorysetup-profiler-allocator-block-size=16777216"
    "memorysetup-profiler-editor-allocator-block-size=1048576"
    "memorysetup-temp-allocator-size-main=16777216"
    "memorysetup-job-temp-allocator-block-size=2097152"
    "memorysetup-job-temp-allocator-block-size-background=1048576"
    "memorysetup-job-temp-allocator-reduction-small-platforms=262144"
    "memorysetup-temp-allocator-size-background-worker=32768"
    "memorysetup-temp-allocator-size-job-worker=262144"
    "memorysetup-temp-allocator-size-preload-manager=33554432"
    "memorysetup-temp-allocator-size-nav-mesh-worker=65536"
    "memorysetup-temp-allocator-size-audio-worker=65536"
    "memorysetup-temp-allocator-size-cloud-worker=32768"
    "memorysetup-temp-allocator-size-gi-baking-worker=262144"
    "memorysetup-temp-allocator-size-gfx=262144"
Refreshing native plugins compatible for Editor in 34.27 ms, found 0 plugins.
Preloading 0 native plugins for Editor in 0.00 ms.
Initialize engine version: 2021.3.12f1 (8af3c3e441b1)
[Subsystems] Discovering subsystems at path F:/Unity Editors/2021.3.12f1/Editor/Data/Resources/UnitySubsystems
[Subsystems] Discovering subsystems at path F:/Unity Projects/unity-pg/addressables-ccd/Assets
GfxDevice: creating device client; threaded=0; jobified=0
Direct3D:
    Version:  Direct3D 11.0 [level 11.1]
    Renderer: NVIDIA GeForce GTX 1050 Ti (ID=0x1c8c)
    Vendor:   NVIDIA
    VRAM:     4020 MB
    Driver:   31.0.15.2756
Initialize mono
Mono path[0] = 'F:/Unity Editors/2021.3.12f1/Editor/Data/Managed'
Mono path[1] = 'F:/Unity Editors/2021.3.12f1/Editor/Data/MonoBleedingEdge/lib/mono/unityjit-win32'
Mono config path = 'F:/Unity Editors/2021.3.12f1/Editor/Data/MonoBleedingEdge/etc'
Using monoOptions --debugger-agent=transport=dt_socket,embedding=1,server=y,suspend=n,address=127.0.0.1:56352
Begin MonoManager ReloadAssembly
Registering precompiled unity dll's ...
Register platform support module: F:/Unity Editors/2021.3.12f1/Editor/Data/PlaybackEngines/AndroidPlayer/UnityEditor.Android.Extensions.dll
Register platform support module: F:/Unity Editors/2021.3.12f1/Editor/Data/PlaybackEngines/WindowsStandaloneSupport/UnityEditor.WindowsStandalone.Extensions.dll
Register platform support module: F:/Unity Editors/2021.3.12f1/Editor/Data/PlaybackEngines/LinuxStandaloneSupport/UnityEditor.LinuxStandalone.Extensions.dll
Registered in 0.004956 seconds.
Native extension for LinuxStandalone target not found
Native extension for WindowsStandalone target not found
Native extension for Android target not found
Refreshing native plugins compatible for Editor in 44.53 ms, found 0 plugins.
Preloading 0 native plugins for Editor in 0.00 ms.
Mono: successfully reloaded assembly
- Completed reload, in  0.890 seconds
Domain Reload Profiling:
	ReloadAssembly (891ms)
		BeginReloadAssembly (84ms)
			ExecutionOrderSort (0ms)
			DisableScriptedObjects (0ms)
			BackupInstance (0ms)
			ReleaseScriptingObjects (0ms)
			CreateAndSetChildDomain (1ms)
		EndReloadAssembly (671ms)
			LoadAssemblies (84ms)
			RebuildTransferFunctionScriptingTraits (0ms)
			SetupTypeCache (187ms)
			ReleaseScriptCaches (0ms)
			RebuildScriptCaches (40ms)
			SetupLoadedEditorAssemblies (373ms)
				LogAssemblyErrors (0ms)
				InitializePlatformSupportModulesInManaged (101ms)
				SetLoadedEditorAssemblies (0ms)
				RefreshPlugins (45ms)
				BeforeProcessingInitializeOnLoad (2ms)
				ProcessInitializeOnLoadAttributes (164ms)
				ProcessInitializeOnLoadMethodAttributes (62ms)
				AfterProcessingInitializeOnLoad (0ms)
				EditorAssembliesLoaded (0ms)
			ExecutionOrderSort2 (0ms)
			AwakeInstancesAfterBackupRestoration (0ms)
Platform modules already initialized, skipping
Registering precompiled user dll's ...
Registered in 0.000562 seconds.
Begin MonoManager ReloadAssembly
Native extension for LinuxStandalone target not found
Native extension for WindowsStandalone target not found
Native extension for Android target not found
Refreshing native plugins compatible for Editor in 0.45 ms, found 0 plugins.
Preloading 0 native plugins for Editor in 0.00 ms.
Mono: successfully reloaded assembly
- Completed reload, in  1.406 seconds
Domain Reload Profiling:
	ReloadAssembly (1407ms)
		BeginReloadAssembly (477ms)
			ExecutionOrderSort (0ms)
			DisableScriptedObjects (18ms)
			BackupInstance (0ms)
			ReleaseScriptingObjects (0ms)
			CreateAndSetChildDomain (328ms)
		EndReloadAssembly (780ms)
			LoadAssemblies (74ms)
			RebuildTransferFunctionScriptingTraits (0ms)
			SetupTypeCache (182ms)
			ReleaseScriptCaches (0ms)
			RebuildScriptCaches (52ms)
			SetupLoadedEditorAssemblies (411ms)
				LogAssemblyErrors (0ms)
				InitializePlatformSupportModulesInManaged (21ms)
				SetLoadedEditorAssemblies (1ms)
				RefreshPlugins (1ms)
				BeforeProcessingInitializeOnLoad (54ms)
				ProcessInitializeOnLoadAttributes (154ms)
				ProcessInitializeOnLoadMethodAttributes (177ms)
				AfterProcessingInitializeOnLoad (3ms)
				EditorAssembliesLoaded (0ms)
			ExecutionOrderSort2 (0ms)
			AwakeInstancesAfterBackupRestoration (9ms)
Platform modules already initialized, skipping
========================================================================
Worker process is ready to serve import requests
Launched and connected shader compiler UnityShaderCompiler.exe after 0.07 seconds
Refreshing native plugins compatible for Editor in 0.42 ms, found 0 plugins.
Preloading 0 native plugins for Editor in 0.00 ms.
Unloading 1345 Unused Serialized files (Serialized files now loaded: 0)
Unloading 21 unused Assets / (1.3 MB). Loaded Objects now: 1813.
Memory consumption went from 71.6 MB to 70.4 MB.
Total: 6.282100 ms (FindLiveObjects: 0.292500 ms CreateObjectMapping: 0.168700 ms MarkObjects: 5.458000 ms  DeleteObjects: 0.360600 ms)

AssetImportParameters requested are different than current active one (requested -> active):
  custom:video-decoder-ogg-theora: a1e56fd34408186e4bbccfd4996cb3dc -> 
  custom:container-muxer-webm: aa71ff27fc2769a1b78a27578f13a17b -> 
  custom:container-demuxer-webm: 4f35f7cbe854078d1ac9338744f61a02 -> 
  custom:video-encoder-webm-vp8: eb34c28f22e8b96e1ab97ce403110664 -> 
  custom:video-codec-MediaFoundation-h265: 746d11721c4dcdbdad8f713fa42b33f4 -> 
  custom:audio-encoder-webm-vorbis: bf7c407c2cedff20999df2af8eb42d56 -> 
  custom:framework-win-MediaFoundation: 216162199b28c13a410421893ffa2e32 -> 
  custom:container-demuxer-ogg: 62fdf1f143b41e24485cea50d1cbac27 -> 
  custom:video-decoder-webm-vp8: 9c59270c3fd7afecdb556c50c9e8de78 -> 
  custom:audio-decoder-ogg-vorbis: bf7c407c2cedff20999df2af8eb42d56 -> 
========================================================================
Received Prepare
Registering precompiled user dll's ...
Registered in 0.000623 seconds.
Begin MonoManager ReloadAssembly
Native extension for LinuxStandalone target not found
Native extension for WindowsStandalone target not found
Native extension for Android target not found
Refreshing native plugins compatible for Editor in 0.25 ms, found 0 plugins.
Preloading 0 native plugins for Editor in 0.00 ms.
Mono: successfully reloaded assembly
- Completed reload, in  1.189 seconds
Domain Reload Profiling:
	ReloadAssembly (1190ms)
		BeginReloadAssembly (145ms)
			ExecutionOrderSort (0ms)
			DisableScriptedObjects (10ms)
			BackupInstance (0ms)
			ReleaseScriptingObjects (0ms)
			CreateAndSetChildDomain (33ms)
		EndReloadAssembly (909ms)
			LoadAssemblies (72ms)
			RebuildTransferFunctionScriptingTraits (0ms)
			SetupTypeCache (193ms)
			ReleaseScriptCaches (1ms)
			RebuildScriptCaches (49ms)
			SetupLoadedEditorAssemblies (371ms)
				LogAssemblyErrors (0ms)
				InitializePlatformSupportModulesInManaged (36ms)
				SetLoadedEditorAssemblies (0ms)
				RefreshPlugins (0ms)
				BeforeProcessingInitializeOnLoad (54ms)
				ProcessInitializeOnLoadAttributes (217ms)
				ProcessInitializeOnLoadMethodAttributes (59ms)
				AfterProcessingInitializeOnLoad (4ms)
				EditorAssembliesLoaded (0ms)
			ExecutionOrderSort2 (0ms)
			AwakeInstancesAfterBackupRestoration (125ms)
Platform modules already initialized, skipping
Refreshing native plugins compatible for Editor in 0.43 ms, found 0 plugins.
Preloading 0 native plugins for Editor in 0.00 ms.
Unloading 1300 Unused Serialized files (Serialized files now loaded: 0)
Unloading 14 unused Assets / (1.2 MB). Loaded Objects now: 1816.
Memory consumption went from 68.3 MB to 67.1 MB.
Total: 4.710500 ms (FindLiveObjects: 0.191500 ms CreateObjectMapping: 0.162300 ms MarkObjects: 4.101100 ms  DeleteObjects: 0.254000 ms)

AssetImportParameters requested are different than current active one (requested -> active):
  custom:video-decoder-ogg-theora: a1e56fd34408186e4bbccfd4996cb3dc -> 
  custom:container-muxer-webm: aa71ff27fc2769a1b78a27578f13a17b -> 
  custom:container-demuxer-webm: 4f35f7cbe854078d1ac9338744f61a02 -> 
  custom:video-encoder-webm-vp8: eb34c28f22e8b96e1ab97ce403110664 -> 
  custom:video-codec-MediaFoundation-h265: 746d11721c4dcdbdad8f713fa42b33f4 -> 
  custom:audio-encoder-webm-vorbis: bf7c407c2cedff20999df2af8eb42d56 -> 
  custom:framework-win-MediaFoundation: 216162199b28c13a410421893ffa2e32 -> 
  custom:container-demuxer-ogg: 62fdf1f143b41e24485cea50d1cbac27 -> 
  custom:video-decoder-webm-vp8: 9c59270c3fd7afecdb556c50c9e8de78 -> 
  custom:audio-decoder-ogg-vorbis: bf7c407c2cedff20999df2af8eb42d56 -> 
========================================================================
Received Import Request.
  Time since last request: 331606.624038 seconds.
  path: Assets/Scenes/Level_00/LightingData.asset
  artifactKey: Guid(7898ee9d2b567db4cac79432e1fb0323) Importer(815301076,1909f56bfc062723c751e8b465ee728b)
Start importing Assets/Scenes/Level_00/LightingData.asset using Guid(7898ee9d2b567db4cac79432e1fb0323) Importer(815301076,1909f56bfc062723c751e8b465ee728b)  -> (artifact id: '91ce1835f4aa2db54ad6d97581dae1e4') in 0.048932 seconds 
========================================================================
Received Import Request.
  Time since last request: 0.000025 seconds.
  path: Assets/Scenes/Level_00/ReflectionProbe-0.exr
  artifactKey: Guid(377be45b4c3b33743be4e1d7b9e75ae9) Importer(815301076,1909f56bfc062723c751e8b465ee728b)
Start importing Assets/Scenes/Level_00/ReflectionProbe-0.exr using Guid(377be45b4c3b33743be4e1d7b9e75ae9) Importer(815301076,1909f56bfc062723c751e8b465ee728b)  -> (artifact id: 'b16afc9ff047aef068d234114fac2cb7') in 0.581387 seconds 
========================================================================
Received Import Request.
  Time since last request: 8.028909 seconds.
  path: Assets/Scenes/Level_01/LightingData.asset
  artifactKey: Guid(539615ef6ad468b4887a482688354eff) Importer(815301076,1909f56bfc062723c751e8b465ee728b)
Start importing Assets/Scenes/Level_01/LightingData.asset using Guid(539615ef6ad468b4887a482688354eff) Importer(815301076,1909f56bfc062723c751e8b465ee728b)  -> (artifact id: 'e8fe1a4641291f4bcfeb722ebadcd527') in 0.003389 seconds 
========================================================================
Received Import Request.
  Time since last request: 0.000034 seconds.
  path: Assets/Scenes/Level_01/Lightmap-0_comp_shadowmask.png
  artifactKey: Guid(6dfe5a234ded6b4489ec979b3acb6846) Importer(815301076,1909f56bfc062723c751e8b465ee728b)
Start importing Assets/Scenes/Level_01/Lightmap-0_comp_shadowmask.png using Guid(6dfe5a234ded6b4489ec979b3acb6846) Importer(815301076,1909f56bfc062723c751e8b465ee728b)  -> (artifact id: '4f0ced399c9ccfb81e0ca07c5d7a9816') in 0.021448 seconds 
========================================================================
Received Import Request.
  Time since last request: 0.000049 seconds.
  path: Assets/Scenes/Level_01/ReflectionProbe-0.exr
  artifactKey: Guid(524f545dcca17304b97f8d4b5fed5ecb) Importer(815301076,1909f56bfc062723c751e8b465ee728b)
Start importing Assets/Scenes/Level_01/ReflectionProbe-0.exr using Guid(524f545dcca17304b97f8d4b5fed5ecb) Importer(815301076,1909f56bfc062723c751e8b465ee728b)  -> (artifact id: '4fe9a5aaa58519fafde4906f5e402113') in 0.023023 seconds 
========================================================================
Received Import Request.
  Time since last request: 0.402977 seconds.
  path: Assets/Scenes/Level_02/LightingData.asset
  artifactKey: Guid(769101f90ca11a84d9ad41fc5d405543) Importer(815301076,1909f56bfc062723c751e8b465ee728b)
Start importing Assets/Scenes/Level_02/LightingData.asset using Guid(769101f90ca11a84d9ad41fc5d405543) Importer(815301076,1909f56bfc062723c751e8b465ee728b)  -> (artifact id: 'ed56ff93b938325f6563e6c06137b487') in 0.002925 seconds 
========================================================================
Received Import Request.
  Time since last request: 0.000022 seconds.
  path: Assets/Scenes/Level_02/Lightmap-0_comp_light.exr
  artifactKey: Guid(592f07a53c575c340bef03b1d65fa5e9) Importer(815301076,1909f56bfc062723c751e8b465ee728b)
Start importing Assets/Scenes/Level_02/Lightmap-0_comp_light.exr using Guid(592f07a53c575c340bef03b1d65fa5e9) Importer(815301076,1909f56bfc062723c751e8b465ee728b)  -> (artifact id: '4e195349f1bf6ee29ee80191719d4d71') in 0.024508 seconds 
========================================================================
Received Import Request.
  Time since last request: 0.480778 seconds.
  path: Assets/Scenes/Level_03/LightingData.asset
  artifactKey: Guid(f85eb31ac2b6bff409f28438c99cd615) Importer(815301076,1909f56bfc062723c751e8b465ee728b)
Start importing Assets/Scenes/Level_03/LightingData.asset using Guid(f85eb31ac2b6bff409f28438c99cd615) Importer(815301076,1909f56bfc062723c751e8b465ee728b)  -> (artifact id: '51b415d18e28d6a7857e7b69d70957e0') in 0.003299 seconds 
========================================================================
Received Import Request.
  Time since last request: 0.000030 seconds.
  path: Assets/Scenes/Level_03/ReflectionProbe-0.exr
  artifactKey: Guid(be867529ad711ef4298e994b22b6be44) Importer(815301076,1909f56bfc062723c751e8b465ee728b)
Start importing Assets/Scenes/Level_03/ReflectionProbe-0.exr using Guid(be867529ad711ef4298e994b22b6be44) Importer(815301076,1909f56bfc062723c751e8b465ee728b)  -> (artifact id: 'c650abf3411b4ad00b5196c65f2b727e') in 0.028669 seconds 
========================================================================
Received Import Request.
  Time since last request: 25.624743 seconds.
  path: Assets/Scenes/Level_00
  artifactKey: Guid(a055edb94e73a014e9e3eeca2f2d87cf) Importer(815301076,1909f56bfc062723c751e8b465ee728b)
Start importing Assets/Scenes/Level_00 using Guid(a055edb94e73a014e9e3eeca2f2d87cf) Importer(815301076,1909f56bfc062723c751e8b465ee728b)  -> (artifact id: '4b489d6c50e20b1af6f3de2674ba3d8e') in 0.007619 seconds 
========================================================================
Received Import Request.
  Time since last request: 21.699424 seconds.
  path: Assets/AddressableAssetsData/AssetGroups/Built In Data.asset
  artifactKey: Guid(d24f858948dc291438a038da81a078f1) Importer(815301076,1909f56bfc062723c751e8b465ee728b)
Start importing Assets/AddressableAssetsData/AssetGroups/Built In Data.asset using Guid(d24f858948dc291438a038da81a078f1) Importer(815301076,1909f56bfc062723c751e8b465ee728b)  -> (artifact id: '31e5dda7452955bb49d436e597b02496') in 0.009345 seconds 
========================================================================
Received Import Request.
  Time since last request: 0.000040 seconds.
  path: Assets/AddressableAssetsData/AssetGroups/Packed Assets.asset
  artifactKey: Guid(3ff9055b27d8a524699f99832b977475) Importer(815301076,1909f56bfc062723c751e8b465ee728b)
Start importing Assets/AddressableAssetsData/AssetGroups/Packed Assets.asset using Guid(3ff9055b27d8a524699f99832b977475) Importer(815301076,1909f56bfc062723c751e8b465ee728b)  -> (artifact id: '9dba3845bf5d396b4022089686be0dcb') in 0.008993 seconds 
========================================================================
Received Import Request.
  Time since last request: 11.108132 seconds.
  path: Assets/AddressableAssetsData/AssetGroups/Level 00.asset
  artifactKey: Guid(3ff9055b27d8a524699f99832b977475) Importer(815301076,1909f56bfc062723c751e8b465ee728b)
Start importing Assets/AddressableAssetsData/AssetGroups/Level 00.asset using Guid(3ff9055b27d8a524699f99832b977475) Importer(815301076,1909f56bfc062723c751e8b465ee728b)  -> (artifact id: '2c4fdf3fc7bf578c8a359583f92dff67') in 0.047809 seconds 
========================================================================
Received Import Request.
  Time since last request: 7.007557 seconds.
  path: Assets/AddressableAssetsData/AssetGroups/Level 00.asset
  artifactKey: Guid(3ff9055b27d8a524699f99832b977475) Importer(815301076,1909f56bfc062723c751e8b465ee728b)
Start importing Assets/AddressableAssetsData/AssetGroups/Level 00.asset using Guid(3ff9055b27d8a524699f99832b977475) Importer(815301076,1909f56bfc062723c751e8b465ee728b)  -> (artifact id: '5d45921a4a65a2acb0a2e987a812b427') in 0.003996 seconds 
========================================================================
Received Import Request.
  Time since last request: 8.387446 seconds.
  path: Assets/AddressableAssetsData/AssetGroups/Level 01.asset
  artifactKey: Guid(0762931c10e859a459c053a928e8fc66) Importer(815301076,1909f56bfc062723c751e8b465ee728b)
Start importing Assets/AddressableAssetsData/AssetGroups/Level 01.asset using Guid(0762931c10e859a459c053a928e8fc66) Importer(815301076,1909f56bfc062723c751e8b465ee728b)  -> (artifact id: 'a48b150895fff376d956f56ccfbce33d') in 0.008815 seconds 
========================================================================
Received Import Request.
  Time since last request: 6.523482 seconds.
  path: Assets/AddressableAssetsData/AssetGroups/Level 01.asset
  artifactKey: Guid(0762931c10e859a459c053a928e8fc66) Importer(815301076,1909f56bfc062723c751e8b465ee728b)
Start importing Assets/AddressableAssetsData/AssetGroups/Level 01.asset using Guid(0762931c10e859a459c053a928e8fc66) Importer(815301076,1909f56bfc062723c751e8b465ee728b)  -> (artifact id: '819beb9f2d00ad532ae7435987282b5e') in 0.004097 seconds 
========================================================================
Received Import Request.
  Time since last request: 3.152550 seconds.
  path: Assets/AddressableAssetsData/AssetGroups/Packed Assets1.asset
  artifactKey: Guid(919cf24b2091fa14bb68dc4add05e1ed) Importer(815301076,1909f56bfc062723c751e8b465ee728b)
Start importing Assets/AddressableAssetsData/AssetGroups/Packed Assets1.asset using Guid(919cf24b2091fa14bb68dc4add05e1ed) Importer(815301076,1909f56bfc062723c751e8b465ee728b)  -> (artifact id: '37d56e52da2c4527d1427131eb84812b') in 0.016614 seconds 
========================================================================
Received Import Request.
  Time since last request: 9.103766 seconds.
  path: Assets/AddressableAssetsData/AssetGroups/Level 02.asset
  artifactKey: Guid(0a3f2c423146c904980636da6e465dc9) Importer(815301076,1909f56bfc062723c751e8b465ee728b)
Start importing Assets/AddressableAssetsData/AssetGroups/Level 02.asset using Guid(0a3f2c423146c904980636da6e465dc9) Importer(815301076,1909f56bfc062723c751e8b465ee728b)  -> (artifact id: '689bf46924d9df3dccd9845f891fd03b') in 0.008251 seconds 
========================================================================
Received Import Request.
  Time since last request: 6.280229 seconds.
  path: Assets/AddressableAssetsData/AssetGroups/Level 03.asset
  artifactKey: Guid(919cf24b2091fa14bb68dc4add05e1ed) Importer(815301076,1909f56bfc062723c751e8b465ee728b)
Start importing Assets/AddressableAssetsData/AssetGroups/Level 03.asset using Guid(919cf24b2091fa14bb68dc4add05e1ed) Importer(815301076,1909f56bfc062723c751e8b465ee728b)  -> (artifact id: '04c094cd2999021795c7f9fc0b8eba99') in 0.008334 seconds 
========================================================================
Received Import Request.
  Time since last request: 6.600555 seconds.
  path: Assets/AddressableAssetsData/AssetGroups/Level 02.asset
  artifactKey: Guid(0a3f2c423146c904980636da6e465dc9) Importer(815301076,1909f56bfc062723c751e8b465ee728b)
Start importing Assets/AddressableAssetsData/AssetGroups/Level 02.asset using Guid(0a3f2c423146c904980636da6e465dc9) Importer(815301076,1909f56bfc062723c751e8b465ee728b)  -> (artifact id: '305f60769bf4481ad743b5a4db44e942') in 0.003367 seconds 
========================================================================
Received Import Request.
  Time since last request: 0.000022 seconds.
  path: Assets/AddressableAssetsData/AssetGroups/Packed Assets.asset
  artifactKey: Guid(53a93a3dfb0fa7f4d8828ade7c7e52b6) Importer(815301076,1909f56bfc062723c751e8b465ee728b)
Start importing Assets/AddressableAssetsData/AssetGroups/Packed Assets.asset using Guid(53a93a3dfb0fa7f4d8828ade7c7e52b6) Importer(815301076,1909f56bfc062723c751e8b465ee728b)  -> (artifact id: '7c46531e59bca62dfd8568b8cfc0f10c') in 0.003400 seconds 
========================================================================
Received Import Request.
  Time since last request: 3.976392 seconds.
  path: Assets/AddressableAssetsData/AssetGroups/Hats.asset
  artifactKey: Guid(53a93a3dfb0fa7f4d8828ade7c7e52b6) Importer(815301076,1909f56bfc062723c751e8b465ee728b)
Start importing Assets/AddressableAssetsData/AssetGroups/Hats.asset using Guid(53a93a3dfb0fa7f4d8828ade7c7e52b6) Importer(815301076,1909f56bfc062723c751e8b465ee728b)  -> (artifact id: 'b2e728026ca3c78aaf4afd93216df840') in 0.013053 seconds 
========================================================================
Received Import Request.
  Time since last request: 36.285165 seconds.
  path: Assets/Prefabs/Hats/Hat00.prefab
  artifactKey: Guid(b53baa10142cbb346a47ab071d32889a) Importer(815301076,1909f56bfc062723c751e8b465ee728b)
Start importing Assets/Prefabs/Hats/Hat00.prefab using Guid(b53baa10142cbb346a47ab071d32889a) Importer(815301076,1909f56bfc062723c751e8b465ee728b)  -> (artifact id: '72820563b892ceaced6d91c6bc4a4a23') in 0.469999 seconds 
========================================================================
Received Import Request.
  Time since last request: 0.000030 seconds.
  path: Assets/Prefabs/Hats/Hat02.prefab
  artifactKey: Guid(6c93cb6413eaf5f46bbe190dbbad2651) Importer(815301076,1909f56bfc062723c751e8b465ee728b)
Start importing Assets/Prefabs/Hats/Hat02.prefab using Guid(6c93cb6413eaf5f46bbe190dbbad2651) Importer(815301076,1909f56bfc062723c751e8b465ee728b)  -> (artifact id: 'a1d83cdb4c06910f507fb71ef6ece666') in 0.031567 seconds 
========================================================================
Received Import Request.
  Time since last request: 149.648176 seconds.
  path: Assets/AddressableAssetsData/AssetGroups/Default Local Group.asset
  artifactKey: Guid(e12218f65150c634eb656f9d6e346519) Importer(815301076,1909f56bfc062723c751e8b465ee728b)
Start importing Assets/AddressableAssetsData/AssetGroups/Default Local Group.asset using Guid(e12218f65150c634eb656f9d6e346519) Importer(815301076,1909f56bfc062723c751e8b465ee728b)  -> (artifact id: '60fe04ab34cb14d658a22db14f950241') in 0.003126 seconds 
========================================================================
Received Import Request.
  Time since last request: 0.000033 seconds.
  path: Assets/AddressableAssetsData/AssetGroups/Level 01.asset
  artifactKey: Guid(0762931c10e859a459c053a928e8fc66) Importer(815301076,1909f56bfc062723c751e8b465ee728b)
Start importing Assets/AddressableAssetsData/AssetGroups/Level 01.asset using Guid(0762931c10e859a459c053a928e8fc66) Importer(815301076,1909f56bfc062723c751e8b465ee728b)  -> (artifact id: '353d86f20a6fe4678ce57787c644ac64') in 0.005169 seconds 
========================================================================
Received Import Request.
  Time since last request: 0.000063 seconds.
  path: Assets/AddressableAssetsData/AssetGroups/Level 00.asset
  artifactKey: Guid(3ff9055b27d8a524699f99832b977475) Importer(815301076,1909f56bfc062723c751e8b465ee728b)
Start importing Assets/AddressableAssetsData/AssetGroups/Level 00.asset using Guid(3ff9055b27d8a524699f99832b977475) Importer(815301076,1909f56bfc062723c751e8b465ee728b)  -> (artifact id: '9fedbfe0971dde8d14bb57c940e47af0') in 0.003981 seconds 
========================================================================
Received Prepare
Registering precompiled user dll's ...
Registered in 0.000544 seconds.
Begin MonoManager ReloadAssembly
Native extension for LinuxStandalone target not found
Native extension for WindowsStandalone target not found
Native extension for Android target not found
Refreshing native plugins compatible for Editor in 0.45 ms, found 0 plugins.
Preloading 0 native plugins for Editor in 0.00 ms.
Mono: successfully reloaded assembly
- Completed reload, in  1.250 seconds
Domain Reload Profiling:
	ReloadAssembly (1251ms)
		BeginReloadAssembly (161ms)
			ExecutionOrderSort (0ms)
			DisableScriptedObjects (10ms)
			BackupInstance (0ms)
			ReleaseScriptingObjects (0ms)
			CreateAndSetChildDomain (36ms)
		EndReloadAssembly (926ms)
			LoadAssemblies (95ms)
			RebuildTransferFunctionScriptingTraits (0ms)
			SetupTypeCache (226ms)
			ReleaseScriptCaches (1ms)
			RebuildScriptCaches (70ms)
			SetupLoadedEditorAssemblies (339ms)
				LogAssemblyErrors (0ms)
				InitializePlatformSupportModulesInManaged (37ms)
				SetLoadedEditorAssemblies (1ms)
				RefreshPlugins (1ms)
				BeforeProcessingInitializeOnLoad (68ms)
				ProcessInitializeOnLoadAttributes (165ms)
				ProcessInitializeOnLoadMethodAttributes (63ms)
				AfterProcessingInitializeOnLoad (3ms)
				EditorAssembliesLoaded (0ms)
			ExecutionOrderSort2 (0ms)
			AwakeInstancesAfterBackupRestoration (138ms)
Platform modules already initialized, skipping
Refreshing native plugins compatible for Editor in 0.59 ms, found 0 plugins.
Preloading 0 native plugins for Editor in 0.00 ms.
Unloading 1300 Unused Serialized files (Serialized files now loaded: 0)
Unloading 14 unused Assets / (1.2 MB). Loaded Objects now: 1856.
Memory consumption went from 72.7 MB to 71.5 MB.
Total: 4.336200 ms (FindLiveObjects: 0.296400 ms CreateObjectMapping: 0.096400 ms MarkObjects: 3.697700 ms  DeleteObjects: 0.243700 ms)

AssetImportParameters requested are different than current active one (requested -> active):
  custom:video-decoder-ogg-theora: a1e56fd34408186e4bbccfd4996cb3dc -> 
  custom:container-muxer-webm: aa71ff27fc2769a1b78a27578f13a17b -> 
  custom:container-demuxer-webm: 4f35f7cbe854078d1ac9338744f61a02 -> 
  custom:video-encoder-webm-vp8: eb34c28f22e8b96e1ab97ce403110664 -> 
  custom:video-codec-MediaFoundation-h265: 746d11721c4dcdbdad8f713fa42b33f4 -> 
  custom:audio-encoder-webm-vorbis: bf7c407c2cedff20999df2af8eb42d56 -> 
  custom:framework-win-MediaFoundation: 216162199b28c13a410421893ffa2e32 -> 
  custom:container-demuxer-ogg: 62fdf1f143b41e24485cea50d1cbac27 -> 
  custom:video-decoder-webm-vp8: 9c59270c3fd7afecdb556c50c9e8de78 -> 
  custom:audio-decoder-ogg-vorbis: bf7c407c2cedff20999df2af8eb42d56 -> 
========================================================================
Received Import Request.
  Time since last request: 111.483290 seconds.
  path: Assets/Scenes/Level_00.unity
  artifactKey: Guid(7554b18db3b335b4da1ca6ff65374ac9) Importer(815301076,1909f56bfc062723c751e8b465ee728b)
Start importing Assets/Scenes/Level_00.unity using Guid(7554b18db3b335b4da1ca6ff65374ac9) Importer(815301076,1909f56bfc062723c751e8b465ee728b)  -> (artifact id: 'a01fb2dc1fa46dba3d92e908f734f1cd') in 0.012119 seconds 
========================================================================
Received Import Request.
  Time since last request: 1.956683 seconds.
  path: Assets/Scenes/Level_01.unity
  artifactKey: Guid(952b5b04d0205ba4084c9256369178ae) Importer(815301076,1909f56bfc062723c751e8b465ee728b)
Start importing Assets/Scenes/Level_01.unity using Guid(952b5b04d0205ba4084c9256369178ae) Importer(815301076,1909f56bfc062723c751e8b465ee728b)  -> (artifact id: 'f8385524d3d1e644b95d8d5665dd9070') in 0.011207 seconds 
========================================================================
Received Import Request.
  Time since last request: 0.734124 seconds.
  path: Assets/Scenes/Level_02.unity
  artifactKey: Guid(e40f8e5164d7a3b49a53720406e42408) Importer(815301076,1909f56bfc062723c751e8b465ee728b)
Start importing Assets/Scenes/Level_02.unity using Guid(e40f8e5164d7a3b49a53720406e42408) Importer(815301076,1909f56bfc062723c751e8b465ee728b)  -> (artifact id: '687a190bec1c8e9c2edb6c6692a07854') in 0.008622 seconds 
========================================================================
Received Import Request.
  Time since last request: 0.598537 seconds.
  path: Assets/Scenes/Level_03.unity
  artifactKey: Guid(29c1d8c3070b4e441ab2c21e14128a7b) Importer(815301076,1909f56bfc062723c751e8b465ee728b)
Start importing Assets/Scenes/Level_03.unity using Guid(29c1d8c3070b4e441ab2c21e14128a7b) Importer(815301076,1909f56bfc062723c751e8b465ee728b)  -> (artifact id: '17e66305dca065af59252f6fec8fc11a') in 0.008522 seconds 
========================================================================
Received Import Request.
  Time since last request: 0.467192 seconds.
  path: Assets/Scenes/LoadingScene.unity
  artifactKey: Guid(a1e01d398699cc940a960600837600bd) Importer(815301076,1909f56bfc062723c751e8b465ee728b)
Start importing Assets/Scenes/LoadingScene.unity using Guid(a1e01d398699cc940a960600837600bd) Importer(815301076,1909f56bfc062723c751e8b465ee728b)  -> (artifact id: 'fac809d4fd0a6b1f282c24d22cbbe6d0') in 0.008248 seconds 
========================================================================
Received Import Request.
  Time since last request: 2.326711 seconds.
  path: Assets/Scenes/Post Processing
  artifactKey: Guid(dd8b34e03c7d41b48aa70d033ad0fb4b) Importer(815301076,1909f56bfc062723c751e8b465ee728b)
Start importing Assets/Scenes/Post Processing using Guid(dd8b34e03c7d41b48aa70d033ad0fb4b) Importer(815301076,1909f56bfc062723c751e8b465ee728b)  -> (artifact id: '15d0ee2803c294160d9616a61ed229c2') in 0.008699 seconds 
========================================================================
Received Import Request.
  Time since last request: 0.338089 seconds.
  path: Assets/Scenes/Level_03
  artifactKey: Guid(3104ac0685298bd4494d57d8614cf7e7) Importer(815301076,1909f56bfc062723c751e8b465ee728b)
Start importing Assets/Scenes/Level_03 using Guid(3104ac0685298bd4494d57d8614cf7e7) Importer(815301076,1909f56bfc062723c751e8b465ee728b)  -> (artifact id: '28c69f9dc1393b83162dbfe8698143be') in 0.008294 seconds 
========================================================================
Received Import Request.
  Time since last request: 0.505859 seconds.
  path: Assets/Scenes/Level_02
  artifactKey: Guid(55a5ceee62b6d9a438a8e672bebcf279) Importer(815301076,1909f56bfc062723c751e8b465ee728b)
Start importing Assets/Scenes/Level_02 using Guid(55a5ceee62b6d9a438a8e672bebcf279) Importer(815301076,1909f56bfc062723c751e8b465ee728b)  -> (artifact id: '81b6f48987a20411fe3aa0986408a422') in 0.009205 seconds 
========================================================================
Received Import Request.
  Time since last request: 0.427651 seconds.
  path: Assets/Scenes/Level_01
  artifactKey: Guid(494180dcd0d80d540b4330e63564e7a3) Importer(815301076,1909f56bfc062723c751e8b465ee728b)
Start importing Assets/Scenes/Level_01 using Guid(494180dcd0d80d540b4330e63564e7a3) Importer(815301076,1909f56bfc062723c751e8b465ee728b)  -> (artifact id: 'a41278790a960f11a1a718e862c43465') in 0.008186 seconds 
========================================================================
Received Import Request.
  Time since last request: 196.434877 seconds.
  path: Assets/AddressableAssetsData/AssetGroups/Level 00.asset
  artifactKey: Guid(3ff9055b27d8a524699f99832b977475) Importer(815301076,1909f56bfc062723c751e8b465ee728b)
Start importing Assets/AddressableAssetsData/AssetGroups/Level 00.asset using Guid(3ff9055b27d8a524699f99832b977475) Importer(815301076,1909f56bfc062723c751e8b465ee728b)  -> (artifact id: 'f8c185a472323c0cf77bd74840f35116') in 0.031325 seconds 
========================================================================
Received Import Request.
  Time since last request: 277.197061 seconds.
  path: Assets/AddressableAssetsData/AssetGroups/Level 01.asset
  artifactKey: Guid(0762931c10e859a459c053a928e8fc66) Importer(815301076,1909f56bfc062723c751e8b465ee728b)
Start importing Assets/AddressableAssetsData/AssetGroups/Level 01.asset using Guid(0762931c10e859a459c053a928e8fc66) Importer(815301076,1909f56bfc062723c751e8b465ee728b)  -> (artifact id: '252f6f1d9819390b158c99ca6615d7c9') in 0.009907 seconds 
========================================================================
Received Import Request.
  Time since last request: 0.000028 seconds.
  path: Assets/AddressableAssetsData/AssetGroups/Level 03.asset
  artifactKey: Guid(919cf24b2091fa14bb68dc4add05e1ed) Importer(815301076,1909f56bfc062723c751e8b465ee728b)
Start importing Assets/AddressableAssetsData/AssetGroups/Level 03.asset using Guid(919cf24b2091fa14bb68dc4add05e1ed) Importer(815301076,1909f56bfc062723c751e8b465ee728b)  -> (artifact id: '5bbcf0864ae349d5932704a040b1bf9f') in 0.007060 seconds 
========================================================================
Received Prepare
Registering precompiled user dll's ...
Registered in 0.000361 seconds.
Begin MonoManager ReloadAssembly
Native extension for LinuxStandalone target not found
Native extension for WindowsStandalone target not found
Native extension for Android target not found
Refreshing native plugins compatible for Editor in 0.27 ms, found 0 plugins.
Preloading 0 native plugins for Editor in 0.00 ms.
Mono: successfully reloaded assembly
- Completed reload, in  1.251 seconds
Domain Reload Profiling:
	ReloadAssembly (1253ms)
		BeginReloadAssembly (165ms)
			ExecutionOrderSort (0ms)
			DisableScriptedObjects (16ms)
			BackupInstance (0ms)
			ReleaseScriptingObjects (0ms)
			CreateAndSetChildDomain (39ms)
		EndReloadAssembly (970ms)
			LoadAssemblies (80ms)
			RebuildTransferFunctionScriptingTraits (0ms)
			SetupTypeCache (218ms)
			ReleaseScriptCaches (1ms)
			RebuildScriptCaches (42ms)
			SetupLoadedEditorAssemblies (414ms)
				LogAssemblyErrors (0ms)
				InitializePlatformSupportModulesInManaged (47ms)
				SetLoadedEditorAssemblies (1ms)
				RefreshPlugins (0ms)
				BeforeProcessingInitializeOnLoad (65ms)
				ProcessInitializeOnLoadAttributes (227ms)
				ProcessInitializeOnLoadMethodAttributes (69ms)
				AfterProcessingInitializeOnLoad (5ms)
				EditorAssembliesLoaded (1ms)
			ExecutionOrderSort2 (0ms)
			AwakeInstancesAfterBackupRestoration (131ms)
Platform modules already initialized, skipping
Refreshing native plugins compatible for Editor in 0.84 ms, found 0 plugins.
Preloading 0 native plugins for Editor in 0.00 ms.
Unloading 1300 Unused Serialized files (Serialized files now loaded: 0)
Unloading 14 unused Assets / (1.2 MB). Loaded Objects now: 1859.
Memory consumption went from 72.7 MB to 71.5 MB.
Total: 3.386400 ms (FindLiveObjects: 0.221100 ms CreateObjectMapping: 0.078900 ms MarkObjects: 2.885300 ms  DeleteObjects: 0.199700 ms)

AssetImportParameters requested are different than current active one (requested -> active):
  custom:video-decoder-ogg-theora: a1e56fd34408186e4bbccfd4996cb3dc -> 
  custom:container-muxer-webm: aa71ff27fc2769a1b78a27578f13a17b -> 
  custom:container-demuxer-webm: 4f35f7cbe854078d1ac9338744f61a02 -> 
  custom:video-encoder-webm-vp8: eb34c28f22e8b96e1ab97ce403110664 -> 
  custom:video-codec-MediaFoundation-h265: 746d11721c4dcdbdad8f713fa42b33f4 -> 
  custom:audio-encoder-webm-vorbis: bf7c407c2cedff20999df2af8eb42d56 -> 
  custom:framework-win-MediaFoundation: 216162199b28c13a410421893ffa2e32 -> 
  custom:container-demuxer-ogg: 62fdf1f143b41e24485cea50d1cbac27 -> 
  custom:video-decoder-webm-vp8: 9c59270c3fd7afecdb556c50c9e8de78 -> 
  custom:audio-decoder-ogg-vorbis: bf7c407c2cedff20999df2af8eb42d56 -> 
========================================================================
Received Prepare
Registering precompiled user dll's ...
Registered in 0.001343 seconds.
Begin MonoManager ReloadAssembly
Native extension for LinuxStandalone target not found
Native extension for WindowsStandalone target not found
Native extension for Android target not found
Refreshing native plugins compatible for Editor in 0.33 ms, found 0 plugins.
Preloading 0 native plugins for Editor in 0.00 ms.
Mono: successfully reloaded assembly
- Completed reload, in  1.318 seconds
Domain Reload Profiling:
	ReloadAssembly (1319ms)
		BeginReloadAssembly (157ms)
			ExecutionOrderSort (0ms)
			DisableScriptedObjects (11ms)
			BackupInstance (0ms)
			ReleaseScriptingObjects (0ms)
			CreateAndSetChildDomain (30ms)
		EndReloadAssembly (1030ms)
			LoadAssemblies (93ms)
			RebuildTransferFunctionScriptingTraits (0ms)
			SetupTypeCache (275ms)
			ReleaseScriptCaches (1ms)
			RebuildScriptCaches (67ms)
			SetupLoadedEditorAssemblies (400ms)
				LogAssemblyErrors (0ms)
				InitializePlatformSupportModulesInManaged (36ms)
				SetLoadedEditorAssemblies (1ms)
				RefreshPlugins (0ms)
				BeforeProcessingInitializeOnLoad (70ms)
				ProcessInitializeOnLoadAttributes (213ms)
				ProcessInitializeOnLoadMethodAttributes (77ms)
				AfterProcessingInitializeOnLoad (3ms)
				EditorAssembliesLoaded (0ms)
			ExecutionOrderSort2 (0ms)
			AwakeInstancesAfterBackupRestoration (131ms)
Platform modules already initialized, skipping
Refreshing native plugins compatible for Editor in 0.63 ms, found 0 plugins.
Preloading 0 native plugins for Editor in 0.00 ms.
Unloading 1653 Unused Serialized files (Serialized files now loaded: 0)
Unloading 17 unused Assets / (1.2 MB). Loaded Objects now: 2212.
Memory consumption went from 82.1 MB to 80.9 MB.
Total: 3.388100 ms (FindLiveObjects: 0.210800 ms CreateObjectMapping: 0.083500 ms MarkObjects: 2.888300 ms  DeleteObjects: 0.204100 ms)

AssetImportParameters requested are different than current active one (requested -> active):
  custom:video-decoder-ogg-theora: a1e56fd34408186e4bbccfd4996cb3dc -> 
  custom:container-muxer-webm: aa71ff27fc2769a1b78a27578f13a17b -> 
  custom:container-demuxer-webm: 4f35f7cbe854078d1ac9338744f61a02 -> 
  custom:video-encoder-webm-vp8: eb34c28f22e8b96e1ab97ce403110664 -> 
  custom:video-codec-MediaFoundation-h265: 746d11721c4dcdbdad8f713fa42b33f4 -> 
  custom:audio-encoder-webm-vorbis: bf7c407c2cedff20999df2af8eb42d56 -> 
  custom:framework-win-MediaFoundation: 216162199b28c13a410421893ffa2e32 -> 
  custom:container-demuxer-ogg: 62fdf1f143b41e24485cea50d1cbac27 -> 
  custom:video-decoder-webm-vp8: 9c59270c3fd7afecdb556c50c9e8de78 -> 
  custom:audio-decoder-ogg-vorbis: bf7c407c2cedff20999df2af8eb42d56 -> 
========================================================================
Received Prepare
Registering precompiled user dll's ...
Registered in 0.001086 seconds.
Begin MonoManager ReloadAssembly
Native extension for LinuxStandalone target not found
Native extension for WindowsStandalone target not found
Native extension for Android target not found
Refreshing native plugins compatible for Editor in 0.45 ms, found 0 plugins.
Preloading 0 native plugins for Editor in 0.00 ms.
Mono: successfully reloaded assembly
- Completed reload, in  1.149 seconds
Domain Reload Profiling:
	ReloadAssembly (1150ms)
		BeginReloadAssembly (143ms)
			ExecutionOrderSort (0ms)
			DisableScriptedObjects (9ms)
			BackupInstance (0ms)
			ReleaseScriptingObjects (0ms)
			CreateAndSetChildDomain (32ms)
		EndReloadAssembly (868ms)
			LoadAssemblies (85ms)
			RebuildTransferFunctionScriptingTraits (0ms)
			SetupTypeCache (238ms)
			ReleaseScriptCaches (1ms)
			RebuildScriptCaches (49ms)
			SetupLoadedEditorAssemblies (315ms)
				LogAssemblyErrors (0ms)
				InitializePlatformSupportModulesInManaged (32ms)
				SetLoadedEditorAssemblies (1ms)
				RefreshPlugins (1ms)
				BeforeProcessingInitializeOnLoad (68ms)
				ProcessInitializeOnLoadAttributes (157ms)
				ProcessInitializeOnLoadMethodAttributes (55ms)
				AfterProcessingInitializeOnLoad (3ms)
				EditorAssembliesLoaded (0ms)
			ExecutionOrderSort2 (0ms)
			AwakeInstancesAfterBackupRestoration (103ms)
Platform modules already initialized, skipping
Refreshing native plugins compatible for Editor in 1.08 ms, found 0 plugins.
Preloading 0 native plugins for Editor in 0.00 ms.
Unloading 1661 Unused Serialized files (Serialized files now loaded: 0)
Unloading 17 unused Assets / (1.2 MB). Loaded Objects now: 2223.
Memory consumption went from 82.4 MB to 81.2 MB.
Total: 10.984800 ms (FindLiveObjects: 0.262600 ms CreateObjectMapping: 0.147600 ms MarkObjects: 10.292700 ms  DeleteObjects: 0.280300 ms)

AssetImportParameters requested are different than current active one (requested -> active):
  custom:video-decoder-ogg-theora: a1e56fd34408186e4bbccfd4996cb3dc -> 
  custom:container-muxer-webm: aa71ff27fc2769a1b78a27578f13a17b -> 
  custom:container-demuxer-webm: 4f35f7cbe854078d1ac9338744f61a02 -> 
  custom:video-encoder-webm-vp8: eb34c28f22e8b96e1ab97ce403110664 -> 
  custom:video-codec-MediaFoundation-h265: 746d11721c4dcdbdad8f713fa42b33f4 -> 
  custom:audio-encoder-webm-vorbis: bf7c407c2cedff20999df2af8eb42d56 -> 
  custom:framework-win-MediaFoundation: 216162199b28c13a410421893ffa2e32 -> 
  custom:container-demuxer-ogg: 62fdf1f143b41e24485cea50d1cbac27 -> 
  custom:video-decoder-webm-vp8: 9c59270c3fd7afecdb556c50c9e8de78 -> 
  custom:audio-decoder-ogg-vorbis: bf7c407c2cedff20999df2af8eb42d56 -> 
